g:\2015 fall\scientific programming\assignment\jacobi method\jacobi method\debug\jacobi method.pch
g:\2015 fall\scientific programming\assignment\jacobi method\jacobi method\debug\vc140.pdb
g:\2015 fall\scientific programming\assignment\jacobi method\jacobi method\debug\vc140.idb
g:\2015 fall\scientific programming\assignment\jacobi method\jacobi method\debug\stdafx.obj
g:\2015 fall\scientific programming\assignment\jacobi method\jacobi method\debug\jacobi method.obj
g:\2015 fall\scientific programming\assignment\jacobi method\debug\jacobi method.ilk
g:\2015 fall\scientific programming\assignment\jacobi method\debug\jacobi method.exe
g:\2015 fall\scientific programming\assignment\jacobi method\debug\jacobi method.pdb
g:\2015 fall\scientific programming\assignment\assignment 2 meng wei\jacobi method\jacobi method\debug\jacobi method.obj
g:\2015 fall\scientific programming\assignment\assignment 2 meng wei\jacobi method\jacobi method\debug\stdafx.obj
g:\2015 fall\scientific programming\assignment\assignment 2 meng wei\jacobi method\jacobi method\debug\jacobi method.pch
g:\2015 fall\scientific programming\assignment\assignment 2 meng wei\jacobi method\jacobi method\debug\vc140.idb
g:\2015 fall\scientific programming\assignment\assignment 2 meng wei\jacobi method\jacobi method\debug\vc140.pdb
g:\2015 fall\scientific programming\assignment\assignment 2 meng wei\jacobi method\debug\jacobi method.pdb
g:\2015 fall\scientific programming\assignment\assignment 2 meng wei\jacobi method\debug\jacobi method.exe
g:\2015 fall\scientific programming\assignment\assignment 2 meng wei\jacobi method\debug\jacobi method.ilk
g:\2015 fall\scientific programming\assignment\assignment 2 meng wei\jacobi method\jacobi method\debug\jacobi method.tlog\cl.command.1.tlog
g:\2015 fall\scientific programming\assignment\assignment 2 meng wei\jacobi method\jacobi method\debug\jacobi method.tlog\cl.read.1.tlog
g:\2015 fall\scientific programming\assignment\assignment 2 meng wei\jacobi method\jacobi method\debug\jacobi method.tlog\cl.write.1.tlog
g:\2015 fall\scientific programming\assignment\assignment 2 meng wei\jacobi method\jacobi method\debug\jacobi method.tlog\link.command.1.tlog
g:\2015 fall\scientific programming\assignment\assignment 2 meng wei\jacobi method\jacobi method\debug\jacobi method.tlog\link.read.1.tlog
g:\2015 fall\scientific programming\assignment\assignment 2 meng wei\jacobi method\jacobi method\debug\jacobi method.tlog\link.write.1.tlog
