This is pdfTeX, Version 3.1415926-2.5-1.40.14 (TeX Live 2013/Debian) (format=pdflatex 2015.10.5)  23 NOV 2015 01:55
entering extended mode
 restricted \write18 enabled.
 %&-line parsing enabled.
**mid_term.tex
(./mid_term.tex
LaTeX2e <2011/06/27>
Babel <3.9h> and hyphenation patterns for 78 languages loaded.
(/usr/share/texlive/texmf-dist/tex/latex/base/article.cls
Document Class: article 2007/10/19 v1.4h Standard LaTeX document class
(/usr/share/texlive/texmf-dist/tex/latex/base/size10.clo
File: size10.clo 2007/10/19 v1.4h Standard LaTeX file (size option)
)
\c@part=\count79
\c@section=\count80
\c@subsection=\count81
\c@subsubsection=\count82
\c@paragraph=\count83
\c@subparagraph=\count84
\c@figure=\count85
\c@table=\count86
\abovecaptionskip=\skip41
\belowcaptionskip=\skip42
\bibindent=\dimen102
)
(/usr/share/texlive/texmf-dist/tex/latex/fancyhdr/fancyhdr.sty
\fancy@headwidth=\skip43
\f@ncyO@elh=\skip44
\f@ncyO@erh=\skip45
\f@ncyO@olh=\skip46
\f@ncyO@orh=\skip47
\f@ncyO@elf=\skip48
\f@ncyO@erf=\skip49
\f@ncyO@olf=\skip50
\f@ncyO@orf=\skip51
)
(/usr/share/texlive/texmf-dist/tex/latex/lastpage/lastpage.sty
Package: lastpage 2013/01/28 v1.2l Refers to last page's name (HMM; JPG)
)
(/usr/share/texlive/texmf-dist/tex/latex/fancyhdr/extramarks.sty
\@temptokenb=\toks14
)
(/usr/share/texlive/texmf-dist/tex/latex/graphics/color.sty
Package: color 2005/11/14 v1.0j Standard LaTeX Color (DPC)

(/usr/share/texlive/texmf-dist/tex/latex/latexconfig/color.cfg
File: color.cfg 2007/01/18 v1.5 color configuration of teTeX/TeXLive
)
Package color Info: Driver file: pdftex.def on input line 130.

(/usr/share/texlive/texmf-dist/tex/latex/pdftex-def/pdftex.def
File: pdftex.def 2011/05/27 v0.06d Graphics/color for pdfTeX

(/usr/share/texlive/texmf-dist/tex/generic/oberdiek/infwarerr.sty
Package: infwarerr 2010/04/08 v1.3 Providing info/warning/error messages (HO)
)
(/usr/share/texlive/texmf-dist/tex/generic/oberdiek/ltxcmds.sty
Package: ltxcmds 2011/11/09 v1.22 LaTeX kernel commands for general use (HO)
)
\Gread@gobject=\count87
)
(/usr/share/texlive/texmf-dist/tex/latex/graphics/dvipsnam.def
File: dvipsnam.def 1999/02/16 v3.0i Driver-dependant file (DPC,SPQR)
))
(/usr/share/texlive/texmf-dist/tex/latex/graphics/graphicx.sty
Package: graphicx 1999/02/16 v1.0f Enhanced LaTeX Graphics (DPC,SPQR)

(/usr/share/texlive/texmf-dist/tex/latex/graphics/keyval.sty
Package: keyval 1999/03/16 v1.13 key=value parser (DPC)
\KV@toks@=\toks15
)
(/usr/share/texlive/texmf-dist/tex/latex/graphics/graphics.sty
Package: graphics 2009/02/05 v1.0o Standard LaTeX Graphics (DPC,SPQR)

(/usr/share/texlive/texmf-dist/tex/latex/graphics/trig.sty
Package: trig 1999/03/16 v1.09 sin cos tan (DPC)
)
(/usr/share/texlive/texmf-dist/tex/latex/latexconfig/graphics.cfg
File: graphics.cfg 2010/04/23 v1.9 graphics configuration of TeX Live
)
Package graphics Info: Driver file: pdftex.def on input line 91.
)
\Gin@req@height=\dimen103
\Gin@req@width=\dimen104
)
(/usr/share/texlive/texmf-dist/tex/latex/listings/listings.sty
\lst@mode=\count88
\lst@gtempboxa=\box26
\lst@token=\toks16
\lst@length=\count89
\lst@currlwidth=\dimen105
\lst@column=\count90
\lst@pos=\count91
\lst@lostspace=\dimen106
\lst@width=\dimen107
\lst@newlines=\count92
\lst@lineno=\count93
\lst@maxwidth=\dimen108

(/usr/share/texlive/texmf-dist/tex/latex/listings/lstmisc.sty
File: lstmisc.sty 2013/08/26 1.5b (Carsten Heinz)
\c@lstnumber=\count94
\lst@skipnumbers=\count95
\lst@framebox=\box27
)
(/usr/share/texlive/texmf-dist/tex/latex/listings/listings.cfg
File: listings.cfg 2013/08/26 1.5b listings configuration
))
Package: listings 2013/08/26 1.5b (Carsten Heinz)

(/usr/share/texlive/texmf-dist/tex/latex/psnfss/courier.sty
Package: courier 2005/04/12 PSNFSS-v9.2a (WaS) 
)
(/usr/share/texlive/texmf-dist/tex/latex/lipsum/lipsum.sty
Package: lipsum 2011/04/14 v1.2 150 paragraphs of Lorem Ipsum dummy text
\c@lips@count=\count96
)
(/usr/share/texlive/texmf-dist/tex/latex/algorithms/algorithm.sty
Package: algorithm 2009/08/24 v0.1 Document Style `algorithm' - floating enviro
nment

(/usr/share/texlive/texmf-dist/tex/latex/float/float.sty
Package: float 2001/11/08 v1.3d Float enhancements (AL)
\c@float@type=\count97
\float@exts=\toks17
\float@box=\box28
\@float@everytoks=\toks18
\@floatcapt=\box29
)
(/usr/share/texlive/texmf-dist/tex/latex/base/ifthen.sty
Package: ifthen 2001/05/26 v1.1c Standard LaTeX ifthen package (DPC)
)
\@float@every@algorithm=\toks19
\c@algorithm=\count98
)
(/usr/share/texlive/texmf-dist/tex/latex/algorithmicx/algpseudocode.sty
Package: algpseudocode 

(/usr/share/texlive/texmf-dist/tex/latex/algorithmicx/algorithmicx.sty
Package: algorithmicx 2005/04/27 v1.2 Algorithmicx

Document Style algorithmicx 1.2 - a greatly improved `algorithmic' style
\c@ALG@line=\count99
\c@ALG@rem=\count100
\c@ALG@nested=\count101
\ALG@tlm=\skip52
\ALG@thistlm=\skip53
\c@ALG@Lnr=\count102
\c@ALG@blocknr=\count103
\c@ALG@storecount=\count104
\c@ALG@tmpcounter=\count105
\ALG@tmplength=\skip54
)
Document Style - pseudocode environments for use with the `algorithmicx' style
) (/usr/share/texlive/texmf-dist/tex/latex/amsmath/amsmath.sty
Package: amsmath 2013/01/14 v2.14 AMS math features
\@mathmargin=\skip55

For additional information on amsmath, use the `?' option.
(/usr/share/texlive/texmf-dist/tex/latex/amsmath/amstext.sty
Package: amstext 2000/06/29 v2.01

(/usr/share/texlive/texmf-dist/tex/latex/amsmath/amsgen.sty
File: amsgen.sty 1999/11/30 v2.0
\@emptytoks=\toks20
\ex@=\dimen109
))
(/usr/share/texlive/texmf-dist/tex/latex/amsmath/amsbsy.sty
Package: amsbsy 1999/11/29 v1.2d
\pmbraise@=\dimen110
)
(/usr/share/texlive/texmf-dist/tex/latex/amsmath/amsopn.sty
Package: amsopn 1999/12/14 v2.01 operator names
)
\inf@bad=\count106
LaTeX Info: Redefining \frac on input line 210.
\uproot@=\count107
\leftroot@=\count108
LaTeX Info: Redefining \overline on input line 306.
\classnum@=\count109
\DOTSCASE@=\count110
LaTeX Info: Redefining \ldots on input line 378.
LaTeX Info: Redefining \dots on input line 381.
LaTeX Info: Redefining \cdots on input line 466.
\Mathstrutbox@=\box30
\strutbox@=\box31
\big@size=\dimen111
LaTeX Font Info:    Redeclaring font encoding OML on input line 566.
LaTeX Font Info:    Redeclaring font encoding OMS on input line 567.
\macc@depth=\count111
\c@MaxMatrixCols=\count112
\dotsspace@=\muskip10
\c@parentequation=\count113
\dspbrk@lvl=\count114
\tag@help=\toks21
\row@=\count115
\column@=\count116
\maxfields@=\count117
\andhelp@=\toks22
\eqnshift@=\dimen112
\alignsep@=\dimen113
\tagshift@=\dimen114
\tagwidth@=\dimen115
\totwidth@=\dimen116
\lineht@=\dimen117
\@envbody=\toks23
\multlinegap=\skip56
\multlinetaggap=\skip57
\mathdisplay@stack=\toks24
LaTeX Info: Redefining \[ on input line 2665.
LaTeX Info: Redefining \] on input line 2666.
)
(/usr/share/texlive/texmf-dist/tex/latex/amsfonts/amssymb.sty
Package: amssymb 2013/01/14 v3.01 AMS font symbols

(/usr/share/texlive/texmf-dist/tex/latex/amsfonts/amsfonts.sty
Package: amsfonts 2013/01/14 v3.01 Basic AMSFonts support
\symAMSa=\mathgroup4
\symAMSb=\mathgroup5
LaTeX Font Info:    Overwriting math alphabet `\mathfrak' in version `bold'
(Font)                  U/euf/m/n --> U/euf/b/n on input line 106.
))
(/usr/share/texlive/texmf-dist/tex/latex/listings/lstlang1.sty
File: lstlang1.sty 2013/08/26 1.5b listings language file
)
\c@homeworkProblemCounter=\count118
 (./mid_term.aux)
\openout1 = `mid_term.aux'.

LaTeX Font Info:    Checking defaults for OML/cmm/m/it on input line 175.
LaTeX Font Info:    ... okay on input line 175.
LaTeX Font Info:    Checking defaults for T1/cmr/m/n on input line 175.
LaTeX Font Info:    ... okay on input line 175.
LaTeX Font Info:    Checking defaults for OT1/cmr/m/n on input line 175.
LaTeX Font Info:    ... okay on input line 175.
LaTeX Font Info:    Checking defaults for OMS/cmsy/m/n on input line 175.
LaTeX Font Info:    ... okay on input line 175.
LaTeX Font Info:    Checking defaults for OMX/cmex/m/n on input line 175.
LaTeX Font Info:    ... okay on input line 175.
LaTeX Font Info:    Checking defaults for U/cmr/m/n on input line 175.
LaTeX Font Info:    ... okay on input line 175.
Package lastpage Info: Please have a look at the pageslts package at
(lastpage)             http://www.ctan.org/tex-archive/ 
(lastpage)             macros/latex/contrib/pageslts/ 
(lastpage)             or
(lastpage)             http://www.ctan.org/tex-archive/ 
(lastpage)             install/macros/latex/contrib/pageslts.tds.zip
(lastpage)             ! on input line 175.
 (/usr/share/texlive/texmf-dist/tex/context/base/supp-pdf.mkii
[Loading MPS to PDF converter (version 2006.09.02).]
\scratchcounter=\count119
\scratchdimen=\dimen118
\scratchbox=\box32
\nofMPsegments=\count120
\nofMParguments=\count121
\everyMPshowfont=\toks25
\MPscratchCnt=\count122
\MPscratchDim=\dimen119
\MPnumerator=\count123
\makeMPintoPDFobject=\count124
\everyMPtoPDFconversion=\toks26
) (/usr/share/texlive/texmf-dist/tex/generic/oberdiek/pdftexcmds.sty
Package: pdftexcmds 2011/11/29 v0.20 Utility functions of pdfTeX for LuaTeX (HO
)

(/usr/share/texlive/texmf-dist/tex/generic/oberdiek/ifluatex.sty
Package: ifluatex 2010/03/01 v1.3 Provides the ifluatex switch (HO)
Package ifluatex Info: LuaTeX not detected.
)
(/usr/share/texlive/texmf-dist/tex/generic/oberdiek/ifpdf.sty
Package: ifpdf 2011/01/30 v2.3 Provides the ifpdf switch (HO)
Package ifpdf Info: pdfTeX in PDF mode is detected.
)
Package pdftexcmds Info: LuaTeX not detected.
Package pdftexcmds Info: \pdf@primitive is available.
Package pdftexcmds Info: \pdf@ifprimitive is available.
Package pdftexcmds Info: \pdfdraftmode found.
)
(/usr/share/texlive/texmf-dist/tex/latex/oberdiek/epstopdf-base.sty
Package: epstopdf-base 2010/02/09 v2.5 Base part for package epstopdf

(/usr/share/texlive/texmf-dist/tex/latex/oberdiek/grfext.sty
Package: grfext 2010/08/19 v1.1 Manage graphics extensions (HO)

(/usr/share/texlive/texmf-dist/tex/generic/oberdiek/kvdefinekeys.sty
Package: kvdefinekeys 2011/04/07 v1.3 Define keys (HO)
))
(/usr/share/texlive/texmf-dist/tex/latex/oberdiek/kvoptions.sty
Package: kvoptions 2011/06/30 v3.11 Key value format for package options (HO)

(/usr/share/texlive/texmf-dist/tex/generic/oberdiek/kvsetkeys.sty
Package: kvsetkeys 2012/04/25 v1.16 Key value parser (HO)

(/usr/share/texlive/texmf-dist/tex/generic/oberdiek/etexcmds.sty
Package: etexcmds 2011/02/16 v1.5 Avoid name clashes with e-TeX commands (HO)
Package etexcmds Info: Could not find \expanded.
(etexcmds)             That can mean that you are not using pdfTeX 1.50 or
(etexcmds)             that some package has redefined \expanded.
(etexcmds)             In the latter case, load this package earlier.
)))
Package grfext Info: Graphics extension search list:
(grfext)             [.png,.pdf,.jpg,.mps,.jpeg,.jbig2,.jb2,.PNG,.PDF,.JPG,.JPE
G,.JBIG2,.JB2,.eps]
(grfext)             \AppendGraphicsExtensions on input line 452.

(/usr/share/texlive/texmf-dist/tex/latex/latexconfig/epstopdf-sys.cfg
File: epstopdf-sys.cfg 2010/07/13 v1.3 Configuration of (r)epstopdf for TeX Liv
e
))
\c@lstlisting=\count125
LaTeX Font Info:    Try loading font information for U+msa on input line 177.

(/usr/share/texlive/texmf-dist/tex/latex/amsfonts/umsa.fd
File: umsa.fd 2013/01/14 v3.01 AMS symbols A
)
LaTeX Font Info:    Try loading font information for U+msb on input line 177.

(/usr/share/texlive/texmf-dist/tex/latex/amsfonts/umsb.fd
File: umsb.fd 2013/01/14 v3.01 AMS symbols B
) [1

{/var/lib/texmf/fonts/map/pdftex/updmap/pdftex.map}] (./mid_term.toc)
\tf@toc=\write3
\openout3 = `mid_term.toc'.

 [2]
<problem1_1.png, id=14, 1034.36438pt x 265.74281pt>
File: problem1_1.png Graphic file (type png)
 <use problem1_1.png>
Package pdftex.def Info: problem1_1.png used on input line 191.
(pdftex.def)             Requested size: 469.75499pt x 120.68608pt.

Underfull \hbox (badness 10000) in paragraph at lines 193--195

 []


Underfull \hbox (badness 10000) in paragraph at lines 196--200

 []

<problem1_2.png, id=15, 1018.55531pt x 234.8775pt>
File: problem1_2.png Graphic file (type png)
 <use problem1_2.png>
Package pdftex.def Info: problem1_2.png used on input line 202.
(pdftex.def)             Requested size: 469.75499pt x 108.3245pt.

Underfull \hbox (badness 10000) in paragraph at lines 204--206

 []


Underfull \hbox (badness 10000) in paragraph at lines 211--212

 []

<problem1_3.png, id=16, 1025.33063pt x 311.66437pt>
File: problem1_3.png Graphic file (type png)
 <use problem1_3.png>
Package pdftex.def Info: problem1_3.png used on input line 219.
(pdftex.def)             Requested size: 469.75499pt x 142.78716pt.

[3 <./problem1_1.png> <./problem1_2.png>]
Underfull \hbox (badness 10000) in paragraph at lines 223--224

 []

<reduction1.png, id=29, 344.78813pt x 251.43938pt>
File: reduction1.png Graphic file (type png)
 <use reduction1.png>
Package pdftex.def Info: reduction1.png used on input line 232.
(pdftex.def)             Requested size: 172.39363pt x 125.71938pt.

<reduction2.png, id=30, 249.93375pt x 55.70813pt>
File: reduction2.png Graphic file (type png)
 <use reduction2.png>
Package pdftex.def Info: reduction2.png used on input line 236.
(pdftex.def)             Requested size: 199.94727pt x 44.56654pt.

<reduction3.png, id=31, 37.64063pt x 179.16937pt>
File: reduction3.png Graphic file (type png)
 <use reduction3.png>
Package pdftex.def Info: reduction3.png used on input line 240.
(pdftex.def)             Requested size: 30.11252pt x 143.33568pt.

Underfull \hbox (badness 10000) in paragraph at lines 242--243

 []

<problem1_4.png, id=32, 1009.52156pt x 155.83218pt> [4 <./problem1_3.png> <./re
duction1.png> <./reduction2.png> <./reduction3.png>]
File: problem1_4.png Graphic file (type png)
 <use problem1_4.png>
Package pdftex.def Info: problem1_4.png used on input line 246.
(pdftex.def)             Requested size: 469.75499pt x 72.51352pt.

Underfull \hbox (badness 10000) in paragraph at lines 248--249

 []


Underfull \hbox (badness 10000) in paragraph at lines 250--253

 []


Underfull \hbox (badness 10000) in paragraph at lines 254--257

 []


Underfull \hbox (badness 10000) in paragraph at lines 258--260

 []


Underfull \hbox (badness 10000) in paragraph at lines 261--262

 []


Underfull \hbox (badness 10000) in paragraph at lines 263--265

 []

<problem1_5.png, id=36, 1046.40938pt x 255.95625pt>
File: problem1_5.png Graphic file (type png)
 <use problem1_5.png>
Package pdftex.def Info: problem1_5.png used on input line 270.
(pdftex.def)             Requested size: 469.75499pt x 114.90195pt.

Underfull \hbox (badness 10000) in paragraph at lines 272--273

 []

<problem1_6.png, id=37, 1028.34187pt x 161.10187pt>
File: problem1_6.png Graphic file (type png)
 <use problem1_6.png>
Package pdftex.def Info: problem1_6.png used on input line 274.
(pdftex.def)             Requested size: 469.75499pt x 73.59398pt.

Underfull \hbox (badness 10000) in paragraph at lines 276--277

 []

<problem1_7.png, id=38, 1028.34187pt x 161.10187pt>
File: problem1_7.png Graphic file (type png)
 <use problem1_7.png>
Package pdftex.def Info: problem1_7.png used on input line 278.
(pdftex.def)             Requested size: 469.75499pt x 73.59398pt.

[5 <./problem1_4.png> <./problem1_5.png> <./problem1_6.png>]
Underfull \hbox (badness 10000) in paragraph at lines 280--281

 []

<problem1_8.png, id=42, 998.9822pt x 117.43875pt>
File: problem1_8.png Graphic file (type png)
 <use problem1_8.png>
Package pdftex.def Info: problem1_8.png used on input line 282.
(pdftex.def)             Requested size: 469.75499pt x 55.22308pt.

Underfull \hbox (badness 10000) in paragraph at lines 284--285

 []

<problem1_9.png, id=43, 1011.02719pt x 126.4725pt>
File: problem1_9.png Graphic file (type png)
 <use problem1_9.png>
Package pdftex.def Info: problem1_9.png used on input line 286.
(pdftex.def)             Requested size: 469.75499pt x 58.76277pt.

Underfull \hbox (badness 10000) in paragraph at lines 288--289

 []

<tree_region.png, id=44, 578.16pt x 433.62pt>
File: tree_region.png Graphic file (type png)
 <use tree_region.png>
Package pdftex.def Info: tree_region.png used on input line 290.
(pdftex.def)             Requested size: 469.75499pt x 352.31538pt.

<problem1_10.png, id=46, 993.7125pt x 106.14656pt>
File: problem1_10.png Graphic file (type png)
 <use problem1_10.png>
Package pdftex.def Info: problem1_10.png used on input line 292.
(pdftex.def)             Requested size: 469.75499pt x 50.1788pt.

[6 <./problem1_7.png> <./problem1_8.png> <./problem1_9.png> <./tree_region.png>
]
Underfull \hbox (badness 10000) in paragraph at lines 294--295

 []

<problem1_11.png, id=51, 1001.99344pt x 121.20282pt>
File: problem1_11.png Graphic file (type png)
 <use problem1_11.png>
Package pdftex.def Info: problem1_11.png used on input line 296.
(pdftex.def)             Requested size: 469.75499pt x 56.82292pt.

Underfull \hbox (badness 10000) in paragraph at lines 298--299

 []

<problem2_1.png, id=52, 1024.57782pt x 213.79875pt>
File: problem2_1.png Graphic file (type png)
 <use problem2_1.png>
Package pdftex.def Info: problem2_1.png used on input line 305.
(pdftex.def)             Requested size: 469.75499pt x 98.02238pt.

Underfull \hbox (badness 10000) in paragraph at lines 307--308

 []


Underfull \hbox (badness 10000) in paragraph at lines 311--312

 []


Underfull \hbox (badness 10000) in paragraph at lines 313--314

 []


Underfull \hbox (badness 10000) in paragraph at lines 319--320

 []

<problem2_2.png, id=53, 977.90344pt x 125.71968pt>
File: problem2_2.png Graphic file (type png)
 <use problem2_2.png>
Package pdftex.def Info: problem2_2.png used on input line 329.
(pdftex.def)             Requested size: 469.75499pt x 60.3927pt.

Underfull \hbox (badness 10000) in paragraph at lines 331--332

 []


Underfull \hbox (badness 10000) in paragraph at lines 333--336

 []

[7 <./problem1_10.png> <./problem1_11.png> <./problem2_1.png> <./problem2_2.png
>] <problem2_3.png, id=58, 977.90344pt x 125.71968pt>
File: problem2_3.png Graphic file (type png)
 <use problem2_3.png>
Package pdftex.def Info: problem2_3.png used on input line 344.
(pdftex.def)             Requested size: 469.75499pt x 60.3927pt.

Underfull \hbox (badness 10000) in paragraph at lines 344--346

 []

<problem2_4.png, id=59, 957.5775pt x 68.50594pt>
File: problem2_4.png Graphic file (type png)
 <use problem2_4.png>
Package pdftex.def Info: problem2_4.png used on input line 398.
(pdftex.def)             Requested size: 469.75499pt x 33.60687pt.

Underfull \hbox (badness 10000) in paragraph at lines 397--400

 []


Underfull \hbox (badness 10000) in paragraph at lines 401--402

 []


Underfull \hbox (badness 10000) in paragraph at lines 407--412

 []

[8 <./problem2_3.png> <./problem2_4.png>]
<problem2_5.png, id=63, 953.81343pt x 95.6072pt>
File: problem2_5.png Graphic file (type png)
 <use problem2_5.png>
Package pdftex.def Info: problem2_5.png used on input line 415.
(pdftex.def)             Requested size: 469.75499pt x 47.08717pt.

<roc_density.png, id=64, 578.16pt x 433.62pt>
File: roc_density.png Graphic file (type png)
 <use roc_density.png>
Package pdftex.def Info: roc_density.png used on input line 418.
(pdftex.def)             Requested size: 289.07928pt x 216.80946pt.

Underfull \hbox (badness 10000) in paragraph at lines 415--420

 []

<problem3_1.png, id=65, 1026.83624pt x 374.90062pt>
File: problem3_1.png Graphic file (type png)
 <use problem3_1.png>
Package pdftex.def Info: problem3_1.png used on input line 421.
(pdftex.def)             Requested size: 469.75499pt x 171.50677pt.

Underfull \hbox (badness 10000) in paragraph at lines 423--425

 []

<tree_prob.png, id=66, 578.16pt x 433.62pt>
File: tree_prob.png Graphic file (type png)
 <use tree_prob.png>
Package pdftex.def Info: tree_prob.png used on input line 426.
(pdftex.def)             Requested size: 469.75499pt x 352.31538pt.
 [9 <./problem2_5.png> <./roc_density.png> <./problem3_1.png>]
Underfull \hbox (badness 10000) in paragraph at lines 429--430

 []


Underfull \hbox (badness 10000) in paragraph at lines 435--438

 []


Underfull \hbox (badness 10000) in paragraph at lines 439--440

 []


Underfull \hbox (badness 10000) in paragraph at lines 441--442

 []


Underfull \hbox (badness 10000) in paragraph at lines 447--448

 []

<problem3_2.png, id=71, 988.44281pt x 91.09032pt>
File: problem3_2.png Graphic file (type png)
 <use problem3_2.png>
Package pdftex.def Info: problem3_2.png used on input line 462.
(pdftex.def)             Requested size: 469.75499pt x 43.28918pt.
 [10 <./tree_prob.png>] <tree_boundary.png, id=76, 578.16pt x 433.62pt>
File: tree_boundary.png Graphic file (type png)

<use tree_boundary.png>
Package pdftex.def Info: tree_boundary.png used on input line 467.
(pdftex.def)             Requested size: 289.07928pt x 216.80946pt.
 <problem3_3.png, id=77, 956.07187pt x 100.87688pt>
File: problem3_3.png Graphic file (type png)

<use problem3_3.png>
Package pdftex.def Info: problem3_3.png used on input line 469.
(pdftex.def)             Requested size: 469.75499pt x 49.56401pt.

Underfull \hbox (badness 10000) in paragraph at lines 469--471

 []

File: tree_boundary.png Graphic file (type png)
<use tree_boundary.png>
Package pdftex.def Info: tree_boundary.png used on input line 474.
(pdftex.def)             Requested size: 289.07928pt x 216.80946pt.
 [11 <./problem3_2.png> <./tree_boundary.png> <./problem3_3.png>]
File: tree_boundary.png Graphic file (type png)
 <use tree_boundary.png>
Package pdftex.def Info: tree_boundary.png used on input line 478.
(pdftex.def)             Requested size: 289.07928pt x 216.80946pt.

<problem3_4.png, id=82, 974.89218pt x 79.04532pt>
File: problem3_4.png Graphic file (type png)
 <use problem3_4.png>
Package pdftex.def Info: problem3_4.png used on input line 480.
(pdftex.def)             Requested size: 469.75499pt x 38.08846pt.

Underfull \hbox (badness 10000) in paragraph at lines 480--483

 []


AED: lastpage setting LastPage
[12 <./problem3_4.png>] (./mid_term.aux) ) 
Here is how much of TeX's memory you used:
 5006 strings out of 493304
 69759 string characters out of 6139871
 246239 words of memory out of 5000000
 8345 multiletter control sequences out of 15000+600000
 12456 words of font info for 48 fonts, out of 8000000 for 9000
 957 hyphenation exceptions out of 8191
 38i,12n,43p,512b,317s stack positions out of 5000i,500n,10000p,200000b,80000s
</usr/share/texlive/texmf-dist/fonts/
type1/public/amsfonts/cm/cmbx10.pfb></usr/share/texlive/texmf-dist/fonts/type1/
public/amsfonts/cm/cmbx12.pfb></usr/share/texlive/texmf-dist/fonts/type1/public
/amsfonts/cm/cmex10.pfb></usr/share/texlive/texmf-dist/fonts/type1/public/amsfo
nts/cm/cmmi10.pfb></usr/share/texlive/texmf-dist/fonts/type1/public/amsfonts/cm
/cmmi5.pfb></usr/share/texlive/texmf-dist/fonts/type1/public/amsfonts/cm/cmmi7.
pfb></usr/share/texlive/texmf-dist/fonts/type1/public/amsfonts/cm/cmr10.pfb></u
sr/share/texlive/texmf-dist/fonts/type1/public/amsfonts/cm/cmr5.pfb></usr/share
/texlive/texmf-dist/fonts/type1/public/amsfonts/cm/cmr7.pfb></usr/share/texlive
/texmf-dist/fonts/type1/public/amsfonts/cm/cmr9.pfb></usr/share/texlive/texmf-d
ist/fonts/type1/public/amsfonts/cm/cmsy10.pfb></usr/share/texlive/texmf-dist/fo
nts/type1/public/amsfonts/cm/cmsy5.pfb></usr/share/texlive/texmf-dist/fonts/typ
e1/public/amsfonts/cm/cmsy7.pfb></usr/share/texlive/texmf-dist/fonts/type1/publ
ic/amsfonts/cm/cmti12.pfb>
Output written on mid_term.pdf (12 pages, 1090422 bytes).
PDF statistics:
 131 PDF objects out of 1000 (max. 8388607)
 71 compressed objects within 1 object stream
 0 named destinations out of 1000 (max. 500000)
 136 words of extra memory for PDF output out of 10000 (max. 10000000)

