g:\2015 fall\simpson rule\simpson rule\debug\simpson rule.pch
g:\2015 fall\simpson rule\simpson rule\debug\vc140.pdb
g:\2015 fall\simpson rule\simpson rule\debug\vc140.idb
g:\2015 fall\simpson rule\simpson rule\debug\stdafx.obj
g:\2015 fall\simpson rule\simpson rule\debug\simpson rule.obj
g:\2015 fall\simpson rule\debug\simpson rule.ilk
g:\2015 fall\simpson rule\debug\simpson rule.exe
g:\2015 fall\simpson rule\debug\simpson rule.pdb
g:\2015 fall\scientific programming\assignment\assignment 1\simpson rule\simpson rule\debug\simpson rule.obj
g:\2015 fall\scientific programming\assignment\assignment 1\simpson rule\simpson rule\debug\stdafx.obj
g:\2015 fall\scientific programming\assignment\assignment 1\simpson rule\simpson rule\debug\simpson rule.pch
g:\2015 fall\scientific programming\assignment\assignment 1\simpson rule\simpson rule\debug\vc140.idb
g:\2015 fall\scientific programming\assignment\assignment 1\simpson rule\simpson rule\debug\vc140.pdb
g:\2015 fall\scientific programming\assignment\assignment 1\simpson rule\debug\simpson rule.pdb
g:\2015 fall\scientific programming\assignment\assignment 1\simpson rule\debug\simpson rule.exe
g:\2015 fall\scientific programming\assignment\assignment 1\simpson rule\debug\simpson rule.ilk
g:\2015 fall\scientific programming\assignment\assignment 1\simpson rule\simpson rule\debug\simpson rule.tlog\cl.command.1.tlog
g:\2015 fall\scientific programming\assignment\assignment 1\simpson rule\simpson rule\debug\simpson rule.tlog\cl.read.1.tlog
g:\2015 fall\scientific programming\assignment\assignment 1\simpson rule\simpson rule\debug\simpson rule.tlog\cl.write.1.tlog
g:\2015 fall\scientific programming\assignment\assignment 1\simpson rule\simpson rule\debug\simpson rule.tlog\link.command.1.tlog
g:\2015 fall\scientific programming\assignment\assignment 1\simpson rule\simpson rule\debug\simpson rule.tlog\link.read.1.tlog
g:\2015 fall\scientific programming\assignment\assignment 1\simpson rule\simpson rule\debug\simpson rule.tlog\link.write.1.tlog
