Build started 2015/11/1 16:18:51.
     1>Project "G:\2015 Fall\Scientific Programming\assignmentsHongZhuanLei\NewtonMethod6-hl15e\NewtonMethod\NewtonMethod\NewtonMethod.vcxproj" on node 2 (Build target(s)).
     1>ClCompile:
         E:\Visual Studio 14.0\VC\bin\CL.exe /c /ZI /nologo /W3 /WX- /Od /Oy- /D WIN32 /D _DEBUG /D _CONSOLE /D _UNICODE /D UNICODE /Gm /EHsc /RTC1 /MDd /GS /fp:precise /Zc:wchar_t /Zc:forScope /Zc:inline /Yc"stdafx.h" /Fp"Debug\NewtonMethod.pch" /Fo"Debug\\" /Fd"Debug\vc140.pdb" /Gd /TP /analyze- /errorReport:prompt stdafx.cpp
         stdafx.cpp
         E:\Visual Studio 14.0\VC\bin\CL.exe /c /ZI /nologo /W3 /WX- /Od /Oy- /D WIN32 /D _DEBUG /D _CONSOLE /D _UNICODE /D UNICODE /Gm /EHsc /RTC1 /MDd /GS /fp:precise /Zc:wchar_t /Zc:forScope /Zc:inline /Yu"stdafx.h" /Fp"Debug\NewtonMethod.pch" /Fo"Debug\\" /Fd"Debug\vc140.pdb" /Gd /TP /analyze- /errorReport:prompt main.cpp MyFunction.cpp RealFunction.cpp SinFunction.cpp
         SinFunction.cpp
         RealFunction.cpp
         MyFunction.cpp
         main.cpp
         Generating Code...
       Link:
         E:\Visual Studio 14.0\VC\bin\link.exe /ERRORREPORT:PROMPT /OUT:"G:\2015 Fall\Scientific Programming\assignmentsHongZhuanLei\NewtonMethod6-hl15e\NewtonMethod\Debug\NewtonMethod.exe" /INCREMENTAL:NO /NOLOGO kernel32.lib user32.lib gdi32.lib winspool.lib comdlg32.lib advapi32.lib shell32.lib ole32.lib oleaut32.lib uuid.lib odbc32.lib odbccp32.lib /MANIFEST /MANIFESTUAC:"level='asInvoker' uiAccess='false'" /manifest:embed /Debug /PDB:"G:\2015 Fall\Scientific Programming\assignmentsHongZhuanLei\NewtonMethod6-hl15e\NewtonMethod\Debug\NewtonMethod.pdb" /SUBSYSTEM:CONSOLE /TLBID:1 /DYNAMICBASE /NXCOMPAT /IMPLIB:"G:\2015 Fall\Scientific Programming\assignmentsHongZhuanLei\NewtonMethod6-hl15e\NewtonMethod\Debug\NewtonMethod.lib" /MACHINE:X86 Debug\main.obj
         Debug\MyFunction.obj
         Debug\RealFunction.obj
         Debug\SinFunction.obj
         Debug\stdafx.obj
     1>main.obj : warning LNK4075: ignoring '/EDITANDCONTINUE' due to '/OPT:LBR' specification
         NewtonMethod.vcxproj -> G:\2015 Fall\Scientific Programming\assignmentsHongZhuanLei\NewtonMethod6-hl15e\NewtonMethod\Debug\NewtonMethod.exe
     1>Done Building Project "G:\2015 Fall\Scientific Programming\assignmentsHongZhuanLei\NewtonMethod6-hl15e\NewtonMethod\NewtonMethod\NewtonMethod.vcxproj" (Build target(s)).

Build succeeded.

Time Elapsed 00:00:09.08
